<?xml version="1.0" encoding="UTF-8"?>
<!-- Generated by org.testng.reporters.JUnitXMLReporter -->
<testsuite ignored="0" hostname="LAP00707s-MacBook-Pro.local" failures="1" tests="1" name="Package with subpackages" time="8.637" errors="0" timestamp="2020-08-24T00:31:47 ICT">
  <testcase classname="cucumber.api.testng.AbstractTestNGCucumberTests" name="runScenario" time="8.217">
    <failure type="java.lang.NullPointerException">
      <![CDATA[java.lang.NullPointerException
at POM.LoginPage.InputUserName(LoginPage.java:31)
at stepDefinitions.LoginTest.user_input_correct_email(LoginTest.java:27)
at ✽.user input correct email(file:src/test/java/features/Login.feature:6)
]]>
    </failure>
  </testcase> <!-- runScenario -->
</testsuite> <!-- Package with subpackages -->
