-------------------------------------------------------------------------------
Test set: TestSuite
-------------------------------------------------------------------------------
Tests run: 1, Failures: 1, Errors: 0, Skipped: 0, Time elapsed: 1.183 s <<< FAILURE! - in TestSuite
runScenario(runner.CucumberRunner)  Time elapsed: 0.047 s  <<< FAILURE!
io.cucumber.core.exception.CucumberException: No backends were found. Please make sure you have a backend module on your CLASSPATH.

