<?xml version="1.0" encoding="UTF-8"?>
<testsuite xmlns:xsi="http://www.w3.org/2001/XMLSchema-instance" xsi:noNamespaceSchemaLocation="https://maven.apache.org/surefire/maven-surefire-plugin/xsd/surefire-test-report-3.0.xsd" version="3.0" name="TestSuite" time="0.907" tests="1" errors="0" skipped="1" failures="0">
  <properties>
[...]
</properties>
  <testcase name="runScenario[&quot;Login seller center&quot;, &quot;Login&quot;](1)" classname="runner.CucumberRunner" time="0">
    <skipped message="There are undefined steps"/>
    <system-err><![CDATA[Aug 24, 2020 12:30:40 AM cucumber.runtime.java.ObjectFactoryLoader loadSingleObjectFactory
WARNING: Use deprecated reflections to load ObjectFactory.
]]></system-err>
  </testcase>
</testsuite>