<?xml version="1.0" encoding="UTF-8"?>
<testng-results ignored="0" total="1" passed="0" failed="1" skipped="0">
  <reporter-output>
  </reporter-output>
  <suite started-at="2020-08-24T00:31:38 ICT" name="Test runner" finished-at="2020-08-24T00:31:47 ICT" duration-ms="8637">
    <groups>
      <group name="cucumber">
        <method signature="AbstractTestNGCucumberTests.runScenario(cucumber.api.testng.PickleEventWrapper, cucumber.api.testng.CucumberFeatureWrapper)[pri:0, instance:runner.CucumberRunner@41a0aa7d]" name="runScenario" class="cucumber.api.testng.AbstractTestNGCucumberTests"/>
      </group> <!-- cucumber -->
    </groups>
    <test started-at="2020-08-24T00:31:38 ICT" name="Package with subpackages" finished-at="2020-08-24T00:31:47 ICT" duration-ms="8637">
      <class name="runner.CucumberRunner">
        <test-method is-config="true" signature="setUpClass()[pri:0, instance:runner.CucumberRunner@41a0aa7d]" started-at="2020-08-24T00:31:38 ICT" name="setUpClass" finished-at="2020-08-24T00:31:39 ICT" duration-ms="202" status="PASS">
          <reporter-output>
          </reporter-output>
        </test-method> <!-- setUpClass -->
        <test-method signature="runScenario(cucumber.api.testng.PickleEventWrapper, cucumber.api.testng.CucumberFeatureWrapper)[pri:0, instance:runner.CucumberRunner@41a0aa7d]" started-at="2020-08-24T00:31:39 ICT" name="runScenario" description="Runs Cucumber Scenarios" data-provider="scenarios" finished-at="2020-08-24T00:31:47 ICT" duration-ms="8217" status="FAIL">
          <params>
            <param index="0">
              <value>
                <![CDATA["Login seller center"]]>
              </value>
            </param>
            <param index="1">
              <value>
                <![CDATA["Login"]]>
              </value>
            </param>
          </params>
          <exception class="java.lang.NullPointerException">
            <full-stacktrace>
              <![CDATA[java.lang.NullPointerException
at POM.LoginPage.InputUserName(LoginPage.java:31)
at stepDefinitions.LoginTest.user_input_correct_email(LoginTest.java:27)
at ✽.user input correct email(file:src/test/java/features/Login.feature:6)
]]>
            </full-stacktrace>
          </exception> <!-- java.lang.NullPointerException -->
          <reporter-output>
          </reporter-output>
        </test-method> <!-- runScenario -->
        <test-method is-config="true" signature="tearDownClass()[pri:0, instance:runner.CucumberRunner@41a0aa7d]" started-at="2020-08-24T00:31:47 ICT" name="tearDownClass" finished-at="2020-08-24T00:31:47 ICT" duration-ms="112" status="PASS">
          <reporter-output>
          </reporter-output>
        </test-method> <!-- tearDownClass -->
      </class> <!-- runner.CucumberRunner -->
    </test> <!-- Package with subpackages -->
  </suite> <!-- Test runner -->
</testng-results>
