<?xml version="1.0" encoding="UTF-8"?>
<testng-results ignored="0" total="1" passed="1" failed="0" skipped="0">
  <reporter-output>
  </reporter-output>
  <suite started-at="2020-08-19T11:25:00Z" name="Default suite" finished-at="2020-08-19T11:25:12Z" duration-ms="12012">
    <groups>
    </groups>
    <test started-at="2020-08-19T11:25:00Z" name="Default test" finished-at="2020-08-19T11:25:12Z" duration-ms="12012">
      <class name="TC.LoginTest">
        <test-method signature="TestLogin()[pri:0, instance:TC.LoginTest@32ee6fee]" started-at="2020-08-19T11:25:00Z" name="TestLogin" finished-at="2020-08-19T11:25:12Z" duration-ms="11986" status="PASS">
          <reporter-output>
          </reporter-output>
        </test-method> <!-- TestLogin -->
      </class> <!-- TC.LoginTest -->
    </test> <!-- Default test -->
  </suite> <!-- Default suite -->
</testng-results>
