<?xml version="1.0" encoding="UTF-8"?>
<!-- Generated by org.testng.reporters.JUnitReportReporter -->
<testsuite hostname="LAP00707s-MacBook-Pro.local" failures="0" tests="1" name="runner.CucumberRunner" time="8.217" errors="1" timestamp="2020-08-24T00:31:47 ICT" skipped="0">
  <testcase classname="runner.CucumberRunner" name="runScenario" time="8.217">
    <error type="java.lang.NullPointerException">
      <![CDATA[java.lang.NullPointerException
at POM.LoginPage.InputUserName(LoginPage.java:31)
at stepDefinitions.LoginTest.user_input_correct_email(LoginTest.java:27)
at ✽.user input correct email(file:src/test/java/features/Login.feature:6)
]]>
    </error>
  </testcase> <!-- runScenario -->
</testsuite> <!-- runner.CucumberRunner -->
